cd threads; make depend
make[1]: Entering directory `/home/vagrant/nachos/lab/threads'
g++ -I../threads -I../machine -DTHREADS -DHOST_i386 -DCHANGED -M ../threads/main.cc ../threads/list.cc ../threads/scheduler.cc ../threads/synch.cc ../threads/synchlist.cc ../threads/system.cc ../threads/thread.cc ../threads/utility.cc ../threads/threadtest.cc ../machine/interrupt.cc ../machine/sysdep.cc ../machine/stats.cc ../machine/timer.cc ../machine/elevatortest.cc ../machine/elevator.cc > makedep
echo '/^# DO NOT DELETE THIS LINE/+2,$d' >eddep
echo '$r makedep' >>eddep
echo 'w' >>eddep
ed - Makefile < eddep
rm eddep makedep 
echo '# DEPENDENCIES MUST END AT END OF FILE' >> Makefile
echo '# IF YOU PUT STUFF HERE IT WILL GO AWAY' >> Makefile
echo '# see make depend above' >> Makefile
make[1]: Leaving directory `/home/vagrant/nachos/lab/threads'
cd threads; make nachos
make[1]: Entering directory `/home/vagrant/nachos/lab/threads'
make[1]: `nachos' is up to date.
make[1]: Leaving directory `/home/vagrant/nachos/lab/threads'
cd userprog; make depend 
make[1]: Entering directory `/home/vagrant/nachos/lab/userprog'
g++ -I../bin -I../filesys -I../userprog -I../threads -I../machine -DUSER_PROGRAM -DFILESYS_NEEDED -DFILESYS_STUB -DHOST_i386 -DCHANGED -M ../threads/main.cc ../threads/list.cc ../threads/scheduler.cc ../threads/synch.cc ../threads/synchlist.cc ../threads/system.cc ../threads/thread.cc ../threads/utility.cc ../threads/threadtest.cc ../machine/interrupt.cc ../machine/sysdep.cc ../machine/stats.cc ../machine/timer.cc ../machine/elevatortest.cc ../machine/elevator.cc ../userprog/addrspace.cc ../userprog/bitmap.cc ../userprog/exception.cc ../userprog/progtest.cc ../machine/console.cc ../machine/machine.cc ../machine/mipssim.cc ../machine/translate.cc > makedep
echo '/^# DO NOT DELETE THIS LINE/+2,$d' >eddep
echo '$r makedep' >>eddep
echo 'w' >>eddep
ed - Makefile < eddep
rm eddep makedep 
echo '# DEPENDENCIES MUST END AT END OF FILE' >> Makefile
echo '# IF YOU PUT STUFF HERE IT WILL GO AWAY' >> Makefile
echo '# see make depend above' >> Makefile
make[1]: Leaving directory `/home/vagrant/nachos/lab/userprog'
cd userprog; make nachos 
make[1]: Entering directory `/home/vagrant/nachos/lab/userprog'
make[1]: `nachos' is up to date.
make[1]: Leaving directory `/home/vagrant/nachos/lab/userprog'
cd vm; make depend
make[1]: Entering directory `/home/vagrant/nachos/lab/vm'
g++ -I../filesys -I../bin -I../vm -I../userprog -I../threads -I../machine -DUSER_PROGRAM  -DFILESYS_NEEDED -DFILESYS_STUB -DVM -DUSE_TLB -DHOST_i386 -DCHANGED -M ../threads/main.cc ../threads/list.cc ../threads/scheduler.cc ../threads/synch.cc ../threads/synchlist.cc ../threads/system.cc ../threads/thread.cc ../threads/utility.cc ../threads/threadtest.cc ../machine/interrupt.cc ../machine/sysdep.cc ../machine/stats.cc ../machine/timer.cc ../machine/elevatortest.cc ../machine/elevator.cc ../userprog/addrspace.cc ../userprog/bitmap.cc ../userprog/exception.cc ../userprog/progtest.cc ../machine/console.cc ../machine/machine.cc ../machine/mipssim.cc ../machine/translate.cc  > makedep
echo '/^# DO NOT DELETE THIS LINE/+2,$d' >eddep
echo '$r makedep' >>eddep
echo 'w' >>eddep
ed - Makefile < eddep
rm eddep makedep 
echo '# DEPENDENCIES MUST END AT END OF FILE' >> Makefile
echo '# IF YOU PUT STUFF HERE IT WILL GO AWAY' >> Makefile
echo '# see make depend above' >> Makefile
make[1]: Leaving directory `/home/vagrant/nachos/lab/vm'
cd vm; make nachos 
make[1]: Entering directory `/home/vagrant/nachos/lab/vm'
make[1]: `nachos' is up to date.
make[1]: Leaving directory `/home/vagrant/nachos/lab/vm'
cd filesys; make depend
make[1]: Entering directory `/home/vagrant/nachos/lab/filesys'
g++ -I../filesys -I../bin -I../vm -I../userprog -I../threads -I../machine -DTHREADS -DUSER_PROGRAM -DVM -DFILESYS_NEEDED -DFILESYS -DHOST_i386 -DCHANGED -M ../threads/main.cc ../threads/list.cc ../threads/scheduler.cc ../threads/synch.cc ../threads/synchlist.cc ../threads/system.cc ../threads/thread.cc ../threads/utility.cc ../threads/threadtest.cc ../machine/interrupt.cc ../machine/sysdep.cc ../machine/stats.cc ../machine/timer.cc ../machine/elevatortest.cc ../machine/elevator.cc ../userprog/addrspace.cc ../userprog/bitmap.cc ../userprog/exception.cc ../userprog/progtest.cc ../machine/console.cc ../machine/machine.cc ../machine/mipssim.cc ../machine/translate.cc  ../filesys/directory.cc ../filesys/filehdr.cc ../filesys/filesys.cc ../filesys/fstest.cc ../filesys/openfile.cc ../filesys/synchdisk.cc ../machine/disk.cc > makedep
echo '/^# DO NOT DELETE THIS LINE/+2,$d' >eddep
echo '$r makedep' >>eddep
echo 'w' >>eddep
ed - Makefile < eddep
rm eddep makedep 
echo '# DEPENDENCIES MUST END AT END OF FILE' >> Makefile
echo '# IF YOU PUT STUFF HERE IT WILL GO AWAY' >> Makefile
echo '# see make depend above' >> Makefile
make[1]: Leaving directory `/home/vagrant/nachos/lab/filesys'
cd filesys; make nachos 
make[1]: Entering directory `/home/vagrant/nachos/lab/filesys'
make[1]: `nachos' is up to date.
make[1]: Leaving directory `/home/vagrant/nachos/lab/filesys'
cd network; make depend
make[1]: Entering directory `/home/vagrant/nachos/lab/network'
g++ -I../network -I../bin -I../filesys -I../vm -I../userprog -I../threads -I../machine -DUSER_PROGRAM -DVM -DFILESYS_NEEDED -DFILESYS -DNETWORK -DHOST_i386 -DCHANGED -M ../threads/main.cc ../threads/list.cc ../threads/scheduler.cc ../threads/synch.cc ../threads/synchlist.cc ../threads/system.cc ../threads/thread.cc ../threads/utility.cc ../threads/threadtest.cc ../machine/interrupt.cc ../machine/sysdep.cc ../machine/stats.cc ../machine/timer.cc ../machine/elevatortest.cc ../machine/elevator.cc ../userprog/addrspace.cc ../userprog/bitmap.cc ../userprog/exception.cc ../userprog/progtest.cc ../machine/console.cc ../machine/machine.cc ../machine/mipssim.cc ../machine/translate.cc  ../filesys/directory.cc ../filesys/filehdr.cc ../filesys/filesys.cc ../filesys/fstest.cc ../filesys/openfile.cc ../filesys/synchdisk.cc ../machine/disk.cc ../network/nettest.cc ../network/post.cc ../machine/network.cc > makedep
echo '/^# DO NOT DELETE THIS LINE/+2,$d' >eddep
echo '$r makedep' >>eddep
echo 'w' >>eddep
ed - Makefile < eddep
rm eddep makedep 
echo '# DEPENDENCIES MUST END AT END OF FILE' >> Makefile
echo '# IF YOU PUT STUFF HERE IT WILL GO AWAY' >> Makefile
echo '# see make depend above' >> Makefile
make[1]: Leaving directory `/home/vagrant/nachos/lab/network'
cd network; make nachos 
make[1]: Entering directory `/home/vagrant/nachos/lab/network'
make[1]: `nachos' is up to date.
make[1]: Leaving directory `/home/vagrant/nachos/lab/network'
cd bin; make all
make[1]: Entering directory `/home/vagrant/nachos/lab/bin'
make[1]: Nothing to be done for `all'.
make[1]: Leaving directory `/home/vagrant/nachos/lab/bin'
cd test; make all
make[1]: Entering directory `/home/vagrant/nachos/lab/test'
../../../gnu-decstation-ultrix/decstation-ultrix/2.95.3/gcc -B../../../gnu-decstation-ultrix/ -G 0 -c -I../userprog -I../threads -c halt.c
make[1]: Leaving directory `/home/vagrant/nachos/lab/test'
